2024-01-21 23:31:31.2294||DEBUG|Microsoft.AspNetCore.Mvc.ModelBinding.ModelBinderFactory|Registered model binder providers, in the following order: Microsoft.AspNetCore.Mvc.ModelBinding.Binders.BinderTypeModelBinderProvider, Microsoft.AspNetCore.Mvc.ModelBinding.Binders.ServicesModelBinderProvider, Microsoft.AspNetCore.Mvc.ModelBinding.Binders.BodyModelBinderProvider, Microsoft.AspNetCore.Mvc.ModelBinding.Binders.HeaderModelBinderProvider, Microsoft.AspNetCore.Mvc.ModelBinding.Binders.FloatingPointTypeModelBinderProvider, Microsoft.AspNetCore.Mvc.ModelBinding.Binders.EnumTypeModelBinderProvider, Microsoft.AspNetCore.Mvc.ModelBinding.Binders.DateTimeModelBinderProvider, Microsoft.AspNetCore.Mvc.ModelBinding.Binders.SimpleTypeModelBinderProvider, Microsoft.AspNetCore.Mvc.ModelBinding.Binders.TryParseModelBinderProvider, Microsoft.AspNetCore.Mvc.ModelBinding.Binders.CancellationTokenModelBinderProvider, Microsoft.AspNetCore.Mvc.ModelBinding.Binders.ByteArrayModelBinderProvider, Microsoft.AspNetCore.Mvc.ModelBinding.Binders.FormFileModelBinderProvider, Microsoft.AspNetCore.Mvc.ModelBinding.Binders.FormCollectionModelBinderProvider, Microsoft.AspNetCore.Mvc.ModelBinding.Binders.KeyValuePairModelBinderProvider, Microsoft.AspNetCore.Mvc.ModelBinding.Binders.DictionaryModelBinderProvider, Microsoft.AspNetCore.Mvc.ModelBinding.Binders.ArrayModelBinderProvider, Microsoft.AspNetCore.Mvc.ModelBinding.Binders.CollectionModelBinderProvider, Microsoft.AspNetCore.Mvc.ModelBinding.Binders.ComplexObjectModelBinderProvider 
2024-01-21 23:31:31.3069||DEBUG|Microsoft.Extensions.Hosting.Internal.Host|Hosting starting 
2024-01-21 23:31:31.3878||DEBUG|Microsoft.AspNetCore.Hosting.Diagnostics|Loaded hosting startup assembly kurs ASP dotNET - Restaurant API 
2024-01-21 23:31:31.4251||INFO|Microsoft.Hosting.Lifetime|Application started. Press Ctrl+C to shut down. 
2024-01-21 23:31:31.4251||INFO|Microsoft.Hosting.Lifetime|Hosting environment: Development 
2024-01-21 23:31:31.4320||INFO|Microsoft.Hosting.Lifetime|Content root path: C:\Users\mwisn\OneDrive\Pulpit\kurs ASP dotNET - Restaurant API\kurs ASP dotNET - Restaurant API 
2024-01-21 23:31:31.4320||DEBUG|Microsoft.Extensions.Hosting.Internal.Host|Hosting started 
2024-01-21 23:31:31.4636||INFO|Microsoft.AspNetCore.Hosting.Diagnostics|Request starting HTTP/2 GET https://localhost:44393/weatherforecast - - - 
2024-01-21 23:31:31.4636||DEBUG|Microsoft.AspNetCore.HostFiltering.HostFilteringMiddleware|Wildcard detected, all requests with hosts will be allowed. 
2024-01-21 23:31:31.4636||TRACE|Microsoft.AspNetCore.HostFiltering.HostFilteringMiddleware|All hosts are allowed. 
2024-01-21 23:31:31.4873||DEBUG|Microsoft.AspNetCore.Routing.Matching.DfaMatcher|No candidates found for the request path '/weatherforecast' 
2024-01-21 23:31:31.4873||DEBUG|Microsoft.AspNetCore.Routing.EndpointRoutingMiddleware|Request did not match any endpoints 
2024-01-21 23:31:31.5158||DEBUG|Microsoft.AspNetCore.StaticFiles.StaticFileMiddleware|The request path  does not match the path filter 
2024-01-21 23:31:31.5454||DEBUG|Microsoft.AspNetCore.Server.IIS.Core.IISHttpServer|Connection ID "18302628891539275797" disconnecting. 
2024-01-21 23:31:31.5454||INFO|Microsoft.AspNetCore.Hosting.Diagnostics|Request finished HTTP/2 GET https://localhost:44393/weatherforecast - 404 - - 85.3990ms 
2024-01-21 23:31:31.5454||INFO|Microsoft.AspNetCore.Hosting.Diagnostics|Request reached the end of the middleware pipeline without being handled by application code. Request path: GET https://localhost:44393/weatherforecast, Response status code: 404 
2024-01-21 23:31:57.1304||INFO|Microsoft.AspNetCore.Hosting.Diagnostics|Request starting HTTP/1.1 DELETE https://localhost:44393/api/restaurant/5 - - - 
2024-01-21 23:31:57.1304||TRACE|Microsoft.AspNetCore.HostFiltering.HostFilteringMiddleware|All hosts are allowed. 
2024-01-21 23:31:57.1381||DEBUG|Microsoft.AspNetCore.Routing.Matching.DfaMatcher|1 candidate(s) found for the request path '/api/restaurant/5' 
2024-01-21 23:31:57.1381||DEBUG|Microsoft.AspNetCore.Routing.Matching.DfaMatcher|Endpoint 'kurs_ASP_dotNET___Restaurant_API.Controllers.RestaurantController.Delete (kurs ASP dotNET - Restaurant API)' with route pattern 'api/restaurant/{id}' is valid for the request path '/api/restaurant/5' 
2024-01-21 23:31:57.1381||DEBUG|Microsoft.AspNetCore.Routing.EndpointRoutingMiddleware|Request matched endpoint 'kurs_ASP_dotNET___Restaurant_API.Controllers.RestaurantController.Delete (kurs ASP dotNET - Restaurant API)' 
2024-01-21 23:31:57.1381||TRACE|Microsoft.AspNetCore.Routing.EndpointRoutingMiddleware|The endpoint does not specify the IRequestSizeLimitMetadata. 
2024-01-21 23:31:57.1381||DEBUG|Microsoft.AspNetCore.StaticFiles.StaticFileMiddleware|Static files was skipped as the request already matched an endpoint. 
2024-01-21 23:31:57.1381||INFO|Microsoft.AspNetCore.Routing.EndpointMiddleware|Executing endpoint 'kurs_ASP_dotNET___Restaurant_API.Controllers.RestaurantController.Delete (kurs ASP dotNET - Restaurant API)' 
2024-01-21 23:31:57.1696||INFO|Microsoft.AspNetCore.Mvc.Infrastructure.ControllerActionInvoker|Route matched with {action = "Delete", controller = "Restaurant"}. Executing controller action with signature Microsoft.AspNetCore.Mvc.ActionResult Delete(Int32) on controller kurs_ASP_dotNET___Restaurant_API.Controllers.RestaurantController (kurs ASP dotNET - Restaurant API). 
2024-01-21 23:31:57.1696||DEBUG|Microsoft.AspNetCore.Mvc.Infrastructure.ControllerActionInvoker|Execution plan of authorization filters (in the following order): None 
2024-01-21 23:31:57.1696||DEBUG|Microsoft.AspNetCore.Mvc.Infrastructure.ControllerActionInvoker|Execution plan of resource filters (in the following order): None 
2024-01-21 23:31:57.1696||DEBUG|Microsoft.AspNetCore.Mvc.Infrastructure.ControllerActionInvoker|Execution plan of action filters (in the following order): Microsoft.AspNetCore.Mvc.ModelBinding.UnsupportedContentTypeFilter (Order: -3000), Microsoft.AspNetCore.Mvc.Infrastructure.ModelStateInvalidFilter (Order: -2000) 
2024-01-21 23:31:57.1696||DEBUG|Microsoft.AspNetCore.Mvc.Infrastructure.ControllerActionInvoker|Execution plan of exception filters (in the following order): None 
2024-01-21 23:31:57.1696||DEBUG|Microsoft.AspNetCore.Mvc.Infrastructure.ControllerActionInvoker|Execution plan of result filters (in the following order): Microsoft.AspNetCore.Mvc.Infrastructure.ClientErrorResultFilter (Order: -2000) 
2024-01-21 23:31:57.1696||DEBUG|Microsoft.AspNetCore.Mvc.Infrastructure.ControllerActionInvoker|Executing controller factory for controller kurs_ASP_dotNET___Restaurant_API.Controllers.RestaurantController (kurs ASP dotNET - Restaurant API) 
2024-01-21 23:31:57.3015||DEBUG|Microsoft.AspNetCore.Mvc.Infrastructure.ControllerActionInvoker|Executed controller factory for controller kurs_ASP_dotNET___Restaurant_API.Controllers.RestaurantController (kurs ASP dotNET - Restaurant API) 
2024-01-21 23:31:57.3015||DEBUG|Microsoft.AspNetCore.Mvc.ModelBinding.ParameterBinder|Attempting to bind parameter 'id' of type 'System.Int32' ... 
2024-01-21 23:31:57.3093||DEBUG|Microsoft.AspNetCore.Mvc.ModelBinding.Binders.SimpleTypeModelBinder|Attempting to bind parameter 'id' of type 'System.Int32' using the name 'id' in request data ... 
2024-01-21 23:31:57.3093||DEBUG|Microsoft.AspNetCore.Mvc.ModelBinding.Binders.SimpleTypeModelBinder|Done attempting to bind parameter 'id' of type 'System.Int32'. 
2024-01-21 23:31:57.3093||DEBUG|Microsoft.AspNetCore.Mvc.ModelBinding.ParameterBinder|Done attempting to bind parameter 'id' of type 'System.Int32'. 
2024-01-21 23:31:57.3093||DEBUG|Microsoft.AspNetCore.Mvc.ModelBinding.ParameterBinder|Attempting to validate the bound parameter 'id' of type 'System.Int32' ... 
2024-01-21 23:31:57.3093||DEBUG|Microsoft.AspNetCore.Mvc.ModelBinding.ParameterBinder|Done attempting to validate the bound parameter 'id' of type 'System.Int32'. 
2024-01-21 23:31:57.3093||TRACE|Microsoft.AspNetCore.Mvc.Infrastructure.ControllerActionInvoker|Action Filter: Before executing OnActionExecuting on filter Microsoft.AspNetCore.Mvc.ModelBinding.UnsupportedContentTypeFilter. 
2024-01-21 23:31:57.3093||TRACE|Microsoft.AspNetCore.Mvc.Infrastructure.ControllerActionInvoker|Action Filter: After executing OnActionExecuting on filter Microsoft.AspNetCore.Mvc.ModelBinding.UnsupportedContentTypeFilter. 
2024-01-21 23:31:57.3093||TRACE|Microsoft.AspNetCore.Mvc.Infrastructure.ControllerActionInvoker|Action Filter: Before executing OnActionExecuting on filter Microsoft.AspNetCore.Mvc.Infrastructure.ModelStateInvalidFilter. 
2024-01-21 23:31:57.3093||TRACE|Microsoft.AspNetCore.Mvc.Infrastructure.ControllerActionInvoker|Action Filter: After executing OnActionExecuting on filter Microsoft.AspNetCore.Mvc.Infrastructure.ModelStateInvalidFilter. 
2024-01-21 23:31:57.3229||INFO|Microsoft.AspNetCore.Mvc.Infrastructure.ControllerActionInvoker|Executing action method kurs_ASP_dotNET___Restaurant_API.Controllers.RestaurantController.Delete (kurs ASP dotNET - Restaurant API) - Validation state: Valid 
2024-01-21 23:31:57.3229||TRACE|Microsoft.AspNetCore.Mvc.Infrastructure.ControllerActionInvoker|Executing action method kurs_ASP_dotNET___Restaurant_API.Controllers.RestaurantController.Delete (kurs ASP dotNET - Restaurant API) with arguments (5) 
2024-01-21 23:31:57.3229||ERROR|kurs_ASP_dotNET___Restaurant_API.Services.RestaurantService|Restaurant with id: 5 DELETE action invoked 
2024-01-21 23:32:06.0744||TRACE|Microsoft.AspNetCore.Mvc.Infrastructure.ControllerActionInvoker|Action Filter: Before executing OnActionExecuted on filter Microsoft.AspNetCore.Mvc.Infrastructure.ModelStateInvalidFilter. 
2024-01-21 23:32:06.0744||TRACE|Microsoft.AspNetCore.Mvc.Infrastructure.ControllerActionInvoker|Action Filter: After executing OnActionExecuted on filter Microsoft.AspNetCore.Mvc.Infrastructure.ModelStateInvalidFilter. 
2024-01-21 23:32:06.0744||TRACE|Microsoft.AspNetCore.Mvc.Infrastructure.ControllerActionInvoker|Action Filter: Before executing OnActionExecuted on filter Microsoft.AspNetCore.Mvc.ModelBinding.UnsupportedContentTypeFilter. 
2024-01-21 23:32:06.0744||TRACE|Microsoft.AspNetCore.Mvc.Infrastructure.ControllerActionInvoker|Action Filter: After executing OnActionExecuted on filter Microsoft.AspNetCore.Mvc.ModelBinding.UnsupportedContentTypeFilter. 
2024-01-21 23:32:06.0744||INFO|Microsoft.AspNetCore.Mvc.Infrastructure.ControllerActionInvoker|Executed action kurs_ASP_dotNET___Restaurant_API.Controllers.RestaurantController.Delete (kurs ASP dotNET - Restaurant API) in 8903.4736ms 
2024-01-21 23:32:06.0744||INFO|Microsoft.AspNetCore.Routing.EndpointMiddleware|Executed endpoint 'kurs_ASP_dotNET___Restaurant_API.Controllers.RestaurantController.Delete (kurs ASP dotNET - Restaurant API)' 
2024-01-21 23:32:06.1881||INFO|Microsoft.AspNetCore.Hosting.Diagnostics|Request finished HTTP/1.1 DELETE https://localhost:44393/api/restaurant/5 - 404 - - 9057.6506ms 
