2024-01-21 23:33:22.0223||DEBUG|Microsoft.AspNetCore.Mvc.ModelBinding.ModelBinderFactory|Registered model binder providers, in the following order: Microsoft.AspNetCore.Mvc.ModelBinding.Binders.BinderTypeModelBinderProvider, Microsoft.AspNetCore.Mvc.ModelBinding.Binders.ServicesModelBinderProvider, Microsoft.AspNetCore.Mvc.ModelBinding.Binders.BodyModelBinderProvider, Microsoft.AspNetCore.Mvc.ModelBinding.Binders.HeaderModelBinderProvider, Microsoft.AspNetCore.Mvc.ModelBinding.Binders.FloatingPointTypeModelBinderProvider, Microsoft.AspNetCore.Mvc.ModelBinding.Binders.EnumTypeModelBinderProvider, Microsoft.AspNetCore.Mvc.ModelBinding.Binders.DateTimeModelBinderProvider, Microsoft.AspNetCore.Mvc.ModelBinding.Binders.SimpleTypeModelBinderProvider, Microsoft.AspNetCore.Mvc.ModelBinding.Binders.TryParseModelBinderProvider, Microsoft.AspNetCore.Mvc.ModelBinding.Binders.CancellationTokenModelBinderProvider, Microsoft.AspNetCore.Mvc.ModelBinding.Binders.ByteArrayModelBinderProvider, Microsoft.AspNetCore.Mvc.ModelBinding.Binders.FormFileModelBinderProvider, Microsoft.AspNetCore.Mvc.ModelBinding.Binders.FormCollectionModelBinderProvider, Microsoft.AspNetCore.Mvc.ModelBinding.Binders.KeyValuePairModelBinderProvider, Microsoft.AspNetCore.Mvc.ModelBinding.Binders.DictionaryModelBinderProvider, Microsoft.AspNetCore.Mvc.ModelBinding.Binders.ArrayModelBinderProvider, Microsoft.AspNetCore.Mvc.ModelBinding.Binders.CollectionModelBinderProvider, Microsoft.AspNetCore.Mvc.ModelBinding.Binders.ComplexObjectModelBinderProvider 
2024-01-21 23:33:22.1358||DEBUG|Microsoft.Extensions.Hosting.Internal.Host|Hosting starting 
2024-01-21 23:33:22.2585||DEBUG|Microsoft.AspNetCore.Hosting.Diagnostics|Loaded hosting startup assembly kurs ASP dotNET - Restaurant API 
2024-01-21 23:33:22.3128||INFO|Microsoft.Hosting.Lifetime|Application started. Press Ctrl+C to shut down. 
2024-01-21 23:33:22.3128||INFO|Microsoft.Hosting.Lifetime|Hosting environment: Development 
2024-01-21 23:33:22.3229||INFO|Microsoft.Hosting.Lifetime|Content root path: C:\Users\mwisn\OneDrive\Pulpit\kurs ASP dotNET - Restaurant API\kurs ASP dotNET - Restaurant API 
2024-01-21 23:33:22.3229||DEBUG|Microsoft.Extensions.Hosting.Internal.Host|Hosting started 
2024-01-21 23:33:22.3229||DEBUG|Microsoft.AspNetCore.Server.IIS.Core.IISHttpServer|Connection ID "18158513699168452609" disconnecting. 
2024-01-21 23:33:22.3654||INFO|Microsoft.AspNetCore.Hosting.Diagnostics|Request starting HTTP/2 GET https://localhost:44393/weatherforecast - - - 
2024-01-21 23:33:22.3699||DEBUG|Microsoft.AspNetCore.HostFiltering.HostFilteringMiddleware|Wildcard detected, all requests with hosts will be allowed. 
2024-01-21 23:33:22.3699||TRACE|Microsoft.AspNetCore.HostFiltering.HostFilteringMiddleware|All hosts are allowed. 
2024-01-21 23:33:22.4037||DEBUG|Microsoft.AspNetCore.Routing.Matching.DfaMatcher|No candidates found for the request path '/weatherforecast' 
2024-01-21 23:33:22.4037||DEBUG|Microsoft.AspNetCore.Routing.EndpointRoutingMiddleware|Request did not match any endpoints 
2024-01-21 23:33:22.4464||DEBUG|Microsoft.AspNetCore.StaticFiles.StaticFileMiddleware|The request path  does not match the path filter 
2024-01-21 23:33:22.4558||INFO|Microsoft.AspNetCore.Hosting.Diagnostics|Request finished HTTP/2 GET https://localhost:44393/weatherforecast - 499 - - 90.8404ms 
2024-01-21 23:33:22.4558||INFO|Microsoft.AspNetCore.Hosting.Diagnostics|Request reached the end of the middleware pipeline without being handled by application code. Request path: GET https://localhost:44393/weatherforecast, Response status code: 499 
2024-01-21 23:33:28.0516||INFO|Microsoft.AspNetCore.Hosting.Diagnostics|Request starting HTTP/1.1 DELETE https://localhost:44393/api/restaurant/5 - - - 
2024-01-21 23:33:28.0516||TRACE|Microsoft.AspNetCore.HostFiltering.HostFilteringMiddleware|All hosts are allowed. 
2024-01-21 23:33:28.0574||DEBUG|Microsoft.AspNetCore.Routing.Matching.DfaMatcher|1 candidate(s) found for the request path '/api/restaurant/5' 
2024-01-21 23:33:28.0574||DEBUG|Microsoft.AspNetCore.Routing.Matching.DfaMatcher|Endpoint 'kurs_ASP_dotNET___Restaurant_API.Controllers.RestaurantController.Delete (kurs ASP dotNET - Restaurant API)' with route pattern 'api/restaurant/{id}' is valid for the request path '/api/restaurant/5' 
2024-01-21 23:33:28.0574||DEBUG|Microsoft.AspNetCore.Routing.EndpointRoutingMiddleware|Request matched endpoint 'kurs_ASP_dotNET___Restaurant_API.Controllers.RestaurantController.Delete (kurs ASP dotNET - Restaurant API)' 
2024-01-21 23:33:28.0574||TRACE|Microsoft.AspNetCore.Routing.EndpointRoutingMiddleware|The endpoint does not specify the IRequestSizeLimitMetadata. 
2024-01-21 23:33:28.0574||DEBUG|Microsoft.AspNetCore.StaticFiles.StaticFileMiddleware|Static files was skipped as the request already matched an endpoint. 
2024-01-21 23:33:28.0574||INFO|Microsoft.AspNetCore.Routing.EndpointMiddleware|Executing endpoint 'kurs_ASP_dotNET___Restaurant_API.Controllers.RestaurantController.Delete (kurs ASP dotNET - Restaurant API)' 
2024-01-21 23:33:28.0795||INFO|Microsoft.AspNetCore.Mvc.Infrastructure.ControllerActionInvoker|Route matched with {action = "Delete", controller = "Restaurant"}. Executing controller action with signature Microsoft.AspNetCore.Mvc.ActionResult Delete(Int32) on controller kurs_ASP_dotNET___Restaurant_API.Controllers.RestaurantController (kurs ASP dotNET - Restaurant API). 
2024-01-21 23:33:28.0795||DEBUG|Microsoft.AspNetCore.Mvc.Infrastructure.ControllerActionInvoker|Execution plan of authorization filters (in the following order): None 
2024-01-21 23:33:28.0795||DEBUG|Microsoft.AspNetCore.Mvc.Infrastructure.ControllerActionInvoker|Execution plan of resource filters (in the following order): None 
2024-01-21 23:33:28.0795||DEBUG|Microsoft.AspNetCore.Mvc.Infrastructure.ControllerActionInvoker|Execution plan of action filters (in the following order): Microsoft.AspNetCore.Mvc.ModelBinding.UnsupportedContentTypeFilter (Order: -3000), Microsoft.AspNetCore.Mvc.Infrastructure.ModelStateInvalidFilter (Order: -2000) 
2024-01-21 23:33:28.0795||DEBUG|Microsoft.AspNetCore.Mvc.Infrastructure.ControllerActionInvoker|Execution plan of exception filters (in the following order): None 
2024-01-21 23:33:28.0795||DEBUG|Microsoft.AspNetCore.Mvc.Infrastructure.ControllerActionInvoker|Execution plan of result filters (in the following order): Microsoft.AspNetCore.Mvc.Infrastructure.ClientErrorResultFilter (Order: -2000) 
2024-01-21 23:33:28.0795||DEBUG|Microsoft.AspNetCore.Mvc.Infrastructure.ControllerActionInvoker|Executing controller factory for controller kurs_ASP_dotNET___Restaurant_API.Controllers.RestaurantController (kurs ASP dotNET - Restaurant API) 
2024-01-21 23:33:28.2064||DEBUG|Microsoft.AspNetCore.Mvc.Infrastructure.ControllerActionInvoker|Executed controller factory for controller kurs_ASP_dotNET___Restaurant_API.Controllers.RestaurantController (kurs ASP dotNET - Restaurant API) 
2024-01-21 23:33:28.2207||DEBUG|Microsoft.AspNetCore.Mvc.ModelBinding.ParameterBinder|Attempting to bind parameter 'id' of type 'System.Int32' ... 
2024-01-21 23:33:28.2207||DEBUG|Microsoft.AspNetCore.Mvc.ModelBinding.Binders.SimpleTypeModelBinder|Attempting to bind parameter 'id' of type 'System.Int32' using the name 'id' in request data ... 
2024-01-21 23:33:28.2207||DEBUG|Microsoft.AspNetCore.Mvc.ModelBinding.Binders.SimpleTypeModelBinder|Done attempting to bind parameter 'id' of type 'System.Int32'. 
2024-01-21 23:33:28.2207||DEBUG|Microsoft.AspNetCore.Mvc.ModelBinding.ParameterBinder|Done attempting to bind parameter 'id' of type 'System.Int32'. 
2024-01-21 23:33:28.2207||DEBUG|Microsoft.AspNetCore.Mvc.ModelBinding.ParameterBinder|Attempting to validate the bound parameter 'id' of type 'System.Int32' ... 
2024-01-21 23:33:28.2207||DEBUG|Microsoft.AspNetCore.Mvc.ModelBinding.ParameterBinder|Done attempting to validate the bound parameter 'id' of type 'System.Int32'. 
2024-01-21 23:33:28.2282||TRACE|Microsoft.AspNetCore.Mvc.Infrastructure.ControllerActionInvoker|Action Filter: Before executing OnActionExecuting on filter Microsoft.AspNetCore.Mvc.ModelBinding.UnsupportedContentTypeFilter. 
2024-01-21 23:33:28.2282||TRACE|Microsoft.AspNetCore.Mvc.Infrastructure.ControllerActionInvoker|Action Filter: After executing OnActionExecuting on filter Microsoft.AspNetCore.Mvc.ModelBinding.UnsupportedContentTypeFilter. 
2024-01-21 23:33:28.2282||TRACE|Microsoft.AspNetCore.Mvc.Infrastructure.ControllerActionInvoker|Action Filter: Before executing OnActionExecuting on filter Microsoft.AspNetCore.Mvc.Infrastructure.ModelStateInvalidFilter. 
2024-01-21 23:33:28.2282||TRACE|Microsoft.AspNetCore.Mvc.Infrastructure.ControllerActionInvoker|Action Filter: After executing OnActionExecuting on filter Microsoft.AspNetCore.Mvc.Infrastructure.ModelStateInvalidFilter. 
2024-01-21 23:33:28.2282||INFO|Microsoft.AspNetCore.Mvc.Infrastructure.ControllerActionInvoker|Executing action method kurs_ASP_dotNET___Restaurant_API.Controllers.RestaurantController.Delete (kurs ASP dotNET - Restaurant API) - Validation state: Valid 
2024-01-21 23:33:28.2282||TRACE|Microsoft.AspNetCore.Mvc.Infrastructure.ControllerActionInvoker|Executing action method kurs_ASP_dotNET___Restaurant_API.Controllers.RestaurantController.Delete (kurs ASP dotNET - Restaurant API) with arguments (5) 
2024-01-21 23:33:28.2460||ERROR|kurs_ASP_dotNET___Restaurant_API.Services.RestaurantService|Restaurant with id: 5 DELETE action invoked 
2024-01-21 23:33:33.7504||TRACE|Microsoft.AspNetCore.Mvc.Infrastructure.ControllerActionInvoker|Action Filter: Before executing OnActionExecuted on filter Microsoft.AspNetCore.Mvc.Infrastructure.ModelStateInvalidFilter. 
2024-01-21 23:33:33.7504||TRACE|Microsoft.AspNetCore.Mvc.Infrastructure.ControllerActionInvoker|Action Filter: After executing OnActionExecuted on filter Microsoft.AspNetCore.Mvc.Infrastructure.ModelStateInvalidFilter. 
2024-01-21 23:33:33.7504||TRACE|Microsoft.AspNetCore.Mvc.Infrastructure.ControllerActionInvoker|Action Filter: Before executing OnActionExecuted on filter Microsoft.AspNetCore.Mvc.ModelBinding.UnsupportedContentTypeFilter. 
2024-01-21 23:33:33.7504||TRACE|Microsoft.AspNetCore.Mvc.Infrastructure.ControllerActionInvoker|Action Filter: After executing OnActionExecuted on filter Microsoft.AspNetCore.Mvc.ModelBinding.UnsupportedContentTypeFilter. 
2024-01-21 23:33:33.7634||INFO|Microsoft.AspNetCore.Mvc.Infrastructure.ControllerActionInvoker|Executed action kurs_ASP_dotNET___Restaurant_API.Controllers.RestaurantController.Delete (kurs ASP dotNET - Restaurant API) in 5670.0384ms 
2024-01-21 23:33:33.7634||INFO|Microsoft.AspNetCore.Routing.EndpointMiddleware|Executed endpoint 'kurs_ASP_dotNET___Restaurant_API.Controllers.RestaurantController.Delete (kurs ASP dotNET - Restaurant API)' 
2024-01-21 23:33:33.8818||INFO|Microsoft.AspNetCore.Hosting.Diagnostics|Request finished HTTP/1.1 DELETE https://localhost:44393/api/restaurant/5 - 404 - - 5830.1456ms 
